<?xml version="1.0" encoding="UTF-8"?>
<!-- Generated by org.testng.reporters.JUnitXMLReporter -->
<testsuite ignored="0" hostname="DESKTOP-7TQGVCE" failures="0" tests="3" name="Default test" time="30.723" errors="0" timestamp="2023-07-05T14:11:00 CDT">
  <testcase classname="testcases.LoginTestCase" name="verifyLogin" time="3.568"/>
  <testcase classname="testcases.LoginTestCase" name="verifyLogin" time="3.574"/>
  <testcase classname="testcases.LoginTestCase" name="verifyLogin" time="3.528"/>
</testsuite> <!-- Default test -->
