<?xml version="1.0" encoding="UTF-8"?>
<!-- Generated by org.testng.reporters.JUnitXMLReporter -->
<testsuite ignored="0" hostname="DESKTOP-7TQGVCE" failures="0" tests="4" name="Test" time="50.064" errors="0" timestamp="2023-07-05T14:18:01 CDT">
  <testcase classname="testcases.LoginTestCase" name="verifyLogin" time="3.488"/>
  <testcase classname="testcases.LoginTestCase" name="verifyLogin" time="3.568"/>
  <testcase classname="testcases.LoginTestCase" name="verifyLogin" time="3.519"/>
  <testcase classname="testcases.SignupTestCases" name="verifySignup" time="14.043"/>
</testsuite> <!-- Test -->
