<?xml version="1.0" encoding="UTF-8"?>
<testng-results ignored="0" total="4" passed="4" failed="0" skipped="0">
  <reporter-output>
  </reporter-output>
  <suite started-at="2023-07-05T14:17:11 CDT" name="Suite" finished-at="2023-07-05T14:18:01 CDT" duration-ms="50064">
    <groups>
    </groups>
    <test started-at="2023-07-05T14:17:11 CDT" name="Test" finished-at="2023-07-05T14:18:01 CDT" duration-ms="50064">
      <class name="testcases.SignupTestCases">
        <test-method is-config="true" signature="launchBrowserandURL()[pri:0, instance:testcases.SignupTestCases@6bbe85a8]" started-at="2023-07-05T14:17:39 CDT" name="launchBrowserandURL" finished-at="2023-07-05T14:17:47 CDT" duration-ms="8040" status="PASS">
          <reporter-output>
          </reporter-output>
        </test-method> <!-- launchBrowserandURL -->
        <test-method signature="verifySignup()[pri:0, instance:testcases.SignupTestCases@6bbe85a8]" started-at="2023-07-05T14:17:47 CDT" name="verifySignup" finished-at="2023-07-05T14:18:01 CDT" duration-ms="14043" status="PASS">
          <reporter-output>
          </reporter-output>
        </test-method> <!-- verifySignup -->
      </class> <!-- testcases.SignupTestCases -->
      <class name="testcases.LoginTestCase">
        <test-method is-config="true" signature="launchBrowserandURL()[pri:0, instance:testcases.LoginTestCase@750e2b97]" started-at="2023-07-05T14:17:11 CDT" name="launchBrowserandURL" finished-at="2023-07-05T14:17:16 CDT" duration-ms="5604" status="PASS">
          <reporter-output>
          </reporter-output>
        </test-method> <!-- launchBrowserandURL -->
        <test-method signature="verifyLogin(java.lang.String,java.lang.String)[pri:0, instance:testcases.LoginTestCase@750e2b97]" started-at="2023-07-05T14:17:16 CDT" name="verifyLogin" data-provider="testData" finished-at="2023-07-05T14:17:20 CDT" duration-ms="3488" status="PASS">
          <params>
            <param index="0">
              <value>
                <![CDATA[priyanka]]>
              </value>
            </param>
            <param index="1">
              <value>
                <![CDATA[secure123]]>
              </value>
            </param>
          </params>
          <reporter-output>
          </reporter-output>
        </test-method> <!-- verifyLogin -->
        <test-method is-config="true" signature="launchBrowserandURL()[pri:0, instance:testcases.LoginTestCase@750e2b97]" started-at="2023-07-05T14:17:20 CDT" name="launchBrowserandURL" finished-at="2023-07-05T14:17:26 CDT" duration-ms="5763" status="PASS">
          <reporter-output>
          </reporter-output>
        </test-method> <!-- launchBrowserandURL -->
        <test-method signature="verifyLogin(java.lang.String,java.lang.String)[pri:0, instance:testcases.LoginTestCase@750e2b97]" started-at="2023-07-05T14:17:26 CDT" name="verifyLogin" data-provider="testData" finished-at="2023-07-05T14:17:29 CDT" duration-ms="3568" status="PASS">
          <params>
            <param index="0">
              <value>
                <![CDATA[rahul]]>
              </value>
            </param>
            <param index="1">
              <value>
                <![CDATA[rahul12]]>
              </value>
            </param>
          </params>
          <reporter-output>
          </reporter-output>
        </test-method> <!-- verifyLogin -->
        <test-method is-config="true" signature="launchBrowserandURL()[pri:0, instance:testcases.LoginTestCase@750e2b97]" started-at="2023-07-05T14:17:29 CDT" name="launchBrowserandURL" finished-at="2023-07-05T14:17:35 CDT" duration-ms="5960" status="PASS">
          <reporter-output>
          </reporter-output>
        </test-method> <!-- launchBrowserandURL -->
        <test-method signature="verifyLogin(java.lang.String,java.lang.String)[pri:0, instance:testcases.LoginTestCase@750e2b97]" started-at="2023-07-05T14:17:35 CDT" name="verifyLogin" data-provider="testData" finished-at="2023-07-05T14:17:39 CDT" duration-ms="3519" status="PASS">
          <params>
            <param index="0">
              <value>
                <![CDATA[rajesh]]>
              </value>
            </param>
            <param index="1">
              <value>
                <![CDATA[rajesh123]]>
              </value>
            </param>
          </params>
          <reporter-output>
          </reporter-output>
        </test-method> <!-- verifyLogin -->
      </class> <!-- testcases.LoginTestCase -->
    </test> <!-- Test -->
  </suite> <!-- Suite -->
</testng-results>
